<!DOCTYPE html PUBLIC "-//W3C//DTD XHTML 1.1//EN" "http://www.w3.org/TR/xhtml11/DTD/xhtml11.dtd">
<html xmlns="http://www.w3.org/1999/xhtml">
<head>
<meta http-equiv="content-type" content="text/html; charset=UTF-8"/>
<title>TestNG Report</title>
<style type="text/css">table {margin-bottom:10px;border-collapse:collapse;empty-cells:show}th,td {border:1px solid #009;padding:.25em .5em}th {vertical-align:bottom}td {vertical-align:top}table a {font-weight:bold}.stripe td {background-color: #E6EBF9}.num {text-align:right}.passedodd td {background-color: #3F3}.passedeven td {background-color: #0A0}.skippedodd td {background-color: #DDD}.skippedeven td {background-color: #CCC}.failedodd td,.attn {background-color: #F33}.failedeven td,.stripe .attn {background-color: #D00}.stacktrace {white-space:pre;font-family:monospace}.totop {font-size:85%;text-align:center;border-bottom:2px solid #000}.invisible {display:none}</style>
</head>
<body>
<table>
<tr><th>Test</th><th># Passed</th><th># Skipped</th><th># Failed</th><th>Time (ms)</th><th>Included Groups</th><th>Excluded Groups</th></tr>
<tr><th colspan="7">Surefire suite</th></tr>
<tr><td><a href="#t0">Surefire test</a></td><td class="num">2</td><td class="num attn">2</td><td class="num attn">1</td><td class="num">243,180</td><td></td><td></td></tr>
</table>
<table id='summary'><thead><tr><th>Class</th><th>Method</th><th>Start</th><th>Time (ms)</th></tr></thead><tbody><tr><th colspan="4">Surefire suite</th></tr></tbody><tbody id="t0"><tr><th colspan="4">Surefire test &#8212; failed (configuration methods)</th></tr><tr class="failedeven"><td rowspan="1">com.selenium.test.hotels.HotelsTest</td><td><a href="#m0">openBrowser</a></td><td rowspan="1">1526667727269</td><td rowspan="1">0</td></tr><tr><th colspan="4">Surefire test &#8212; failed</th></tr><tr class="failedeven"><td rowspan="1">com.selenium.test.flights.FlightsTest</td><td><a href="#m1">searchFlights</a></td><td rowspan="1">1526667529296</td><td rowspan="1">99393</td></tr><tr><th colspan="4">Surefire test &#8212; skipped (configuration methods)</th></tr><tr class="skippedeven"><td rowspan="3">com.selenium.test.hotels.HotelsTest</td><td><a href="#m2">closeBrowser</a></td><td rowspan="2">1526667727269</td><td rowspan="2">0</td></tr><tr class="skippedeven"><td><a href="#m3">closeBrowser</a></td></tr><tr class="skippedeven"><td><a href="#m4">openBrowser</a></td><td rowspan="1">1526667727269</td><td rowspan="1">0</td></tr><tr><th colspan="4">Surefire test &#8212; skipped</th></tr><tr class="skippedeven"><td rowspan="2">com.selenium.test.hotels.HotelsTest</td><td><a href="#m5">searchHotels</a></td><td rowspan="1">1526667727269</td><td rowspan="1">0</td></tr><tr class="skippedeven"><td><a href="#m6">selectResultFilters</a></td><td rowspan="1">1526667727269</td><td rowspan="1">0</td></tr><tr><th colspan="4">Surefire test &#8212; passed</th></tr><tr class="passedeven"><td rowspan="2">com.selenium.test.flights.FlightsTest</td><td><a href="#m7">testFlightsThree</a></td><td rowspan="1">1526667670786</td><td rowspan="1">0</td></tr><tr class="passedeven"><td><a href="#m8">testFlightsTwo</a></td><td rowspan="1">1526667726853</td><td rowspan="1">0</td></tr></tbody>
</table>
<h2>Surefire test</h2><h3 id="m0">com.selenium.test.hotels.HotelsTest#openBrowser</h3><table class="result"><tr><th>Exception</th></tr><tr><td><div class="stacktrace">org.testng.TestNGException: 
Parameter &apos;url&apos; is required by BeforeMethod on method openBrowser but has not been marked @Optional or defined

... Removed 30 stack frames</div></td></tr></table><p class="totop"><a href="#summary">back to summary</a></p>
<h3 id="m1">com.selenium.test.flights.FlightsTest#searchFlights</h3><table class="result"><tr><th>Messages</th></tr><tr><td><div class="messages">Starting testcase 'searchFlights'<br/><BR>Clear text box [[FirefoxDriver: firefox on XP (cfd802bd-b73a-483d-a144-9e8be5de9926)] -> id: fromCity]<br/><BR>Enter text 'DEL' in text box [[FirefoxDriver: firefox on XP (cfd802bd-b73a-483d-a144-9e8be5de9926)] -> id: fromCity]<br/><BR>Clear text box [[FirefoxDriver: firefox on XP (cfd802bd-b73a-483d-a144-9e8be5de9926)] -> id: toCity]<br/><BR>Enter text 'BLR' in text box [[FirefoxDriver: firefox on XP (cfd802bd-b73a-483d-a144-9e8be5de9926)] -> id: toCity]<br/><BR>Select '2' from locator [[FirefoxDriver: firefox on XP (cfd802bd-b73a-483d-a144-9e8be5de9926)] -> id: Adults]<br/><BR>Select '2' from locator [[FirefoxDriver: firefox on XP (cfd802bd-b73a-483d-a144-9e8be5de9926)] -> id: Childs]<br/><BR>Select '0' from locator [[FirefoxDriver: firefox on XP (cfd802bd-b73a-483d-a144-9e8be5de9926)] -> id: Infants]<br/><BR>Select 'Economy' from locator [[FirefoxDriver: firefox on XP (cfd802bd-b73a-483d-a144-9e8be5de9926)] -> id: cabinClass]</div></td></tr><tr><th>Exception</th></tr><tr><td><div class="stacktrace">org.openqa.selenium.NoSuchElementException: Unable to locate element: #modify\-search\-btn
For documentation on this error, please visit: http://seleniumhq.org/exceptions/no_such_element.html
Build info: version: &apos;3.8.1&apos;, revision: &apos;6e95a6684b&apos;, time: &apos;2017-12-01T18:33:54.468Z&apos;
System info: host: &apos;VAIO&apos;, ip: &apos;192.168.0.106&apos;, os.name: &apos;Windows 10&apos;, os.arch: &apos;amd64&apos;, os.version: &apos;10.0&apos;, java.version: &apos;1.8.0_102&apos;
Driver info: org.openqa.selenium.firefox.FirefoxDriver
Capabilities {acceptInsecureCerts: true, browserName: firefox, browserVersion: 59.0.1, javascriptEnabled: true, moz:accessibilityChecks: false, moz:headless: false, moz:processID: 12340, moz:profile: C:\Users\sony\AppData\Local..., moz:useNonSpecCompliantPointerOrigin: false, moz:webdriverClick: true, pageLoadStrategy: normal, platform: XP, platformName: XP, platformVersion: 10.0, rotatable: false, timeouts: {implicit: 0, pageLoad: 300000, script: 30000}}
Session ID: cfd802bd-b73a-483d-a144-9e8be5de9926
*** Element info: {Using=id, value=modify-search-btn}
	at org.openqa.selenium.remote.http.W3CHttpResponseCodec.createException(W3CHttpResponseCodec.java:187)
	at org.openqa.selenium.remote.http.W3CHttpResponseCodec.decode(W3CHttpResponseCodec.java:122)
	at org.openqa.selenium.remote.http.W3CHttpResponseCodec.decode(W3CHttpResponseCodec.java:49)
	at org.openqa.selenium.remote.HttpCommandExecutor.execute(HttpCommandExecutor.java:164)
	at org.openqa.selenium.remote.service.DriverCommandExecutor.execute(DriverCommandExecutor.java:83)
	at org.openqa.selenium.remote.RemoteWebDriver.execute(RemoteWebDriver.java:601)
	at org.openqa.selenium.remote.RemoteWebDriver.findElement(RemoteWebDriver.java:371)
	at org.openqa.selenium.remote.RemoteWebDriver.findElementById(RemoteWebDriver.java:417)
	at org.openqa.selenium.By$ById.findElement(By.java:218)
	at org.openqa.selenium.remote.RemoteWebDriver.findElement(RemoteWebDriver.java:363)
	at org.openqa.selenium.support.pagefactory.DefaultElementLocator.findElement(DefaultElementLocator.java:69)
	at org.openqa.selenium.support.pagefactory.internal.LocatingElementHandler.invoke(LocatingElementHandler.java:38)
	at com.sun.proxy.$Proxy9.isDisplayed(Unknown Source)
	at com.selenium.pageobject.flights.FlightsResultPage.isPageReady(FlightsResultPage.java:27)
	at com.selenium.test.flights.FlightsTest.searchFlights(FlightsTest.java:42)
... Removed 34 stack frames</div></td></tr></table><p class="totop"><a href="#summary">back to summary</a></p>
<h3 id="m2">com.selenium.test.hotels.HotelsTest#closeBrowser</h3><table class="result"><tr><th class="invisible"/></tr></table><p class="totop"><a href="#summary">back to summary</a></p>
<h3 id="m3">com.selenium.test.hotels.HotelsTest#closeBrowser</h3><table class="result"><tr><th class="invisible"/></tr></table><p class="totop"><a href="#summary">back to summary</a></p>
<h3 id="m4">com.selenium.test.hotels.HotelsTest#openBrowser</h3><table class="result"><tr><th class="invisible"/></tr></table><p class="totop"><a href="#summary">back to summary</a></p>
<h3 id="m5">com.selenium.test.hotels.HotelsTest#searchHotels</h3><table class="result"><tr><th>Exception</th></tr><tr><td><div class="stacktrace">org.testng.TestNGException: 
Parameter &apos;url&apos; is required by BeforeMethod on method openBrowser but has not been marked @Optional or defined

... Removed 30 stack frames</div></td></tr></table><p class="totop"><a href="#summary">back to summary</a></p>
<h3 id="m6">com.selenium.test.hotels.HotelsTest#selectResultFilters</h3><table class="result"><tr><th>Exception</th></tr><tr><td><div class="stacktrace">org.testng.TestNGException: 
Parameter &apos;url&apos; is required by BeforeMethod on method openBrowser but has not been marked @Optional or defined

... Removed 30 stack frames</div></td></tr></table><p class="totop"><a href="#summary">back to summary</a></p>
<h3 id="m7">com.selenium.test.flights.FlightsTest#testFlightsThree</h3><table class="result"><tr><th>Messages</th></tr><tr><td><div class="messages">Starting testcase 'testTwo'</div></td></tr></table><p class="totop"><a href="#summary">back to summary</a></p>
<h3 id="m8">com.selenium.test.flights.FlightsTest#testFlightsTwo</h3><table class="result"><tr><th>Messages</th></tr><tr><td><div class="messages">Starting testcase 'testTwo'</div></td></tr></table><p class="totop"><a href="#summary">back to summary</a></p>
</body>
</html>
