<?xml version="1.0" encoding="UTF-8"?>
<testng-results skipped="2" failed="1" ignored="0" total="5" passed="2">
  <reporter-output>
    <line>
      <![CDATA[Starting testcase 'searchFlights']]>
    </line>
    <line>
      <![CDATA[<BR>Clear text box [[FirefoxDriver: firefox on XP (cfd802bd-b73a-483d-a144-9e8be5de9926)] -> id: fromCity]]]>
    </line>
    <line>
      <![CDATA[<BR>Enter text 'DEL' in text box [[FirefoxDriver: firefox on XP (cfd802bd-b73a-483d-a144-9e8be5de9926)] -> id: fromCity]]]>
    </line>
    <line>
      <![CDATA[<BR>Clear text box [[FirefoxDriver: firefox on XP (cfd802bd-b73a-483d-a144-9e8be5de9926)] -> id: toCity]]]>
    </line>
    <line>
      <![CDATA[<BR>Enter text 'BLR' in text box [[FirefoxDriver: firefox on XP (cfd802bd-b73a-483d-a144-9e8be5de9926)] -> id: toCity]]]>
    </line>
    <line>
      <![CDATA[<BR>Select '2' from locator [[FirefoxDriver: firefox on XP (cfd802bd-b73a-483d-a144-9e8be5de9926)] -> id: Adults]]]>
    </line>
    <line>
      <![CDATA[<BR>Select '2' from locator [[FirefoxDriver: firefox on XP (cfd802bd-b73a-483d-a144-9e8be5de9926)] -> id: Childs]]]>
    </line>
    <line>
      <![CDATA[<BR>Select '0' from locator [[FirefoxDriver: firefox on XP (cfd802bd-b73a-483d-a144-9e8be5de9926)] -> id: Infants]]]>
    </line>
    <line>
      <![CDATA[<BR>Select 'Economy' from locator [[FirefoxDriver: firefox on XP (cfd802bd-b73a-483d-a144-9e8be5de9926)] -> id: cabinClass]]]>
    </line>
    <line>
      <![CDATA[Starting testcase 'testTwo']]>
    </line>
    <line>
      <![CDATA[Starting testcase 'testTwo']]>
    </line>
  </reporter-output>
  <suite name="Surefire suite" duration-ms="243180" started-at="2018-05-18T18:18:04Z" finished-at="2018-05-18T18:22:07Z">
    <groups>
    </groups>
    <test name="Surefire test" duration-ms="243180" started-at="2018-05-18T18:18:04Z" finished-at="2018-05-18T18:22:07Z">
      <class name="com.selenium.test.flights.FlightsTest">
        <test-method status="PASS" signature="openBrowser(java.lang.String, java.lang.String)[pri:0, instance:com.selenium.test.flights.FlightsTest@2c6a3f77]" name="openBrowser" is-config="true" duration-ms="45138" started-at="2018-05-18T18:18:04Z" finished-at="2018-05-18T18:18:49Z">
          <params>
            <param index="0">
              <value>
                <![CDATA[firefox]]>
              </value>
            </param>
            <param index="1">
              <value>
                <![CDATA[https://www.mercurytravels.co.in/]]>
              </value>
            </param>
          </params>
          <reporter-output>
          </reporter-output>
        </test-method> <!-- openBrowser -->
        <test-method status="FAIL" signature="searchFlights()[pri:0, instance:com.selenium.test.flights.FlightsTest@2c6a3f77]" name="searchFlights" duration-ms="99393" started-at="2018-05-18T18:18:49Z" finished-at="2018-05-18T18:20:28Z">
          <exception class="org.openqa.selenium.NoSuchElementException">
            <message>
              <![CDATA[Unable to locate element: #modify\-search\-btn
For documentation on this error, please visit: http://seleniumhq.org/exceptions/no_such_element.html
Build info: version: '3.8.1', revision: '6e95a6684b', time: '2017-12-01T18:33:54.468Z'
System info: host: 'VAIO', ip: '192.168.0.106', os.name: 'Windows 10', os.arch: 'amd64', os.version: '10.0', java.version: '1.8.0_102'
Driver info: org.openqa.selenium.firefox.FirefoxDriver
Capabilities {acceptInsecureCerts: true, browserName: firefox, browserVersion: 59.0.1, javascriptEnabled: true, moz:accessibilityChecks: false, moz:headless: false, moz:processID: 12340, moz:profile: C:\Users\sony\AppData\Local..., moz:useNonSpecCompliantPointerOrigin: false, moz:webdriverClick: true, pageLoadStrategy: normal, platform: XP, platformName: XP, platformVersion: 10.0, rotatable: false, timeouts: {implicit: 0, pageLoad: 300000, script: 30000}}
Session ID: cfd802bd-b73a-483d-a144-9e8be5de9926
*** Element info: {Using=id, value=modify-search-btn}]]>
            </message>
            <full-stacktrace>
              <![CDATA[org.openqa.selenium.NoSuchElementException: Unable to locate element: #modify\-search\-btn
For documentation on this error, please visit: http://seleniumhq.org/exceptions/no_such_element.html
Build info: version: '3.8.1', revision: '6e95a6684b', time: '2017-12-01T18:33:54.468Z'
System info: host: 'VAIO', ip: '192.168.0.106', os.name: 'Windows 10', os.arch: 'amd64', os.version: '10.0', java.version: '1.8.0_102'
Driver info: org.openqa.selenium.firefox.FirefoxDriver
Capabilities {acceptInsecureCerts: true, browserName: firefox, browserVersion: 59.0.1, javascriptEnabled: true, moz:accessibilityChecks: false, moz:headless: false, moz:processID: 12340, moz:profile: C:\Users\sony\AppData\Local..., moz:useNonSpecCompliantPointerOrigin: false, moz:webdriverClick: true, pageLoadStrategy: normal, platform: XP, platformName: XP, platformVersion: 10.0, rotatable: false, timeouts: {implicit: 0, pageLoad: 300000, script: 30000}}
Session ID: cfd802bd-b73a-483d-a144-9e8be5de9926
*** Element info: {Using=id, value=modify-search-btn}
at sun.reflect.NativeConstructorAccessorImpl.newInstance0(Native Method)
at sun.reflect.NativeConstructorAccessorImpl.newInstance(NativeConstructorAccessorImpl.java:62)
at sun.reflect.DelegatingConstructorAccessorImpl.newInstance(DelegatingConstructorAccessorImpl.java:45)
at java.lang.reflect.Constructor.newInstance(Constructor.java:423)
at org.openqa.selenium.remote.http.W3CHttpResponseCodec.createException(W3CHttpResponseCodec.java:187)
at org.openqa.selenium.remote.http.W3CHttpResponseCodec.decode(W3CHttpResponseCodec.java:122)
at org.openqa.selenium.remote.http.W3CHttpResponseCodec.decode(W3CHttpResponseCodec.java:49)
at org.openqa.selenium.remote.HttpCommandExecutor.execute(HttpCommandExecutor.java:164)
at org.openqa.selenium.remote.service.DriverCommandExecutor.execute(DriverCommandExecutor.java:83)
at org.openqa.selenium.remote.RemoteWebDriver.execute(RemoteWebDriver.java:601)
at org.openqa.selenium.remote.RemoteWebDriver.findElement(RemoteWebDriver.java:371)
at org.openqa.selenium.remote.RemoteWebDriver.findElementById(RemoteWebDriver.java:417)
at org.openqa.selenium.By$ById.findElement(By.java:218)
at org.openqa.selenium.remote.RemoteWebDriver.findElement(RemoteWebDriver.java:363)
at org.openqa.selenium.support.pagefactory.DefaultElementLocator.findElement(DefaultElementLocator.java:69)
at org.openqa.selenium.support.pagefactory.internal.LocatingElementHandler.invoke(LocatingElementHandler.java:38)
at com.sun.proxy.$Proxy9.isDisplayed(Unknown Source)
at com.selenium.pageobject.flights.FlightsResultPage.isPageReady(FlightsResultPage.java:27)
at com.selenium.test.flights.FlightsTest.searchFlights(FlightsTest.java:42)
at sun.reflect.NativeMethodAccessorImpl.invoke0(Native Method)
at sun.reflect.NativeMethodAccessorImpl.invoke(NativeMethodAccessorImpl.java:62)
at sun.reflect.DelegatingMethodAccessorImpl.invoke(DelegatingMethodAccessorImpl.java:43)
at java.lang.reflect.Method.invoke(Method.java:498)
at org.testng.internal.MethodInvocationHelper.invokeMethod(MethodInvocationHelper.java:124)
at org.testng.internal.Invoker.invokeMethod(Invoker.java:583)
at org.testng.internal.Invoker.invokeTestMethod(Invoker.java:719)
at org.testng.internal.Invoker.invokeTestMethods(Invoker.java:989)
at org.testng.internal.TestMethodWorker.invokeTestMethods(TestMethodWorker.java:125)
at org.testng.internal.TestMethodWorker.run(TestMethodWorker.java:109)
at org.testng.TestRunner.privateRun(TestRunner.java:648)
at org.testng.TestRunner.run(TestRunner.java:505)
at org.testng.SuiteRunner.runTest(SuiteRunner.java:455)
at org.testng.SuiteRunner.runSequentially(SuiteRunner.java:450)
at org.testng.SuiteRunner.privateRun(SuiteRunner.java:415)
at org.testng.SuiteRunner.run(SuiteRunner.java:364)
at org.testng.SuiteRunnerWorker.runSuite(SuiteRunnerWorker.java:52)
at org.testng.SuiteRunnerWorker.run(SuiteRunnerWorker.java:84)
at org.testng.TestNG.runSuitesSequentially(TestNG.java:1208)
at org.testng.TestNG.runSuitesLocally(TestNG.java:1137)
at org.testng.TestNG.runSuites(TestNG.java:1049)
at org.testng.TestNG.run(TestNG.java:1017)
at org.apache.maven.surefire.testng.TestNGExecutor.run(TestNGExecutor.java:135)
at org.apache.maven.surefire.testng.TestNGDirectoryTestSuite.executeMulti(TestNGDirectoryTestSuite.java:193)
at org.apache.maven.surefire.testng.TestNGDirectoryTestSuite.execute(TestNGDirectoryTestSuite.java:94)
at org.apache.maven.surefire.testng.TestNGProvider.invoke(TestNGProvider.java:146)
at org.apache.maven.surefire.booter.ForkedBooter.invokeProviderInSameClassLoader(ForkedBooter.java:379)
at org.apache.maven.surefire.booter.ForkedBooter.runSuitesInProcess(ForkedBooter.java:340)
at org.apache.maven.surefire.booter.ForkedBooter.execute(ForkedBooter.java:125)
at org.apache.maven.surefire.booter.ForkedBooter.main(ForkedBooter.java:413)
]]>
            </full-stacktrace>
          </exception> <!-- org.openqa.selenium.NoSuchElementException -->
          <reporter-output>
            <line>
              <![CDATA[Starting testcase 'searchFlights']]>
            </line>
            <line>
              <![CDATA[<BR>Clear text box [[FirefoxDriver: firefox on XP (cfd802bd-b73a-483d-a144-9e8be5de9926)] -> id: fromCity]]]>
            </line>
            <line>
              <![CDATA[<BR>Enter text 'DEL' in text box [[FirefoxDriver: firefox on XP (cfd802bd-b73a-483d-a144-9e8be5de9926)] -> id: fromCity]]]>
            </line>
            <line>
              <![CDATA[<BR>Clear text box [[FirefoxDriver: firefox on XP (cfd802bd-b73a-483d-a144-9e8be5de9926)] -> id: toCity]]]>
            </line>
            <line>
              <![CDATA[<BR>Enter text 'BLR' in text box [[FirefoxDriver: firefox on XP (cfd802bd-b73a-483d-a144-9e8be5de9926)] -> id: toCity]]]>
            </line>
            <line>
              <![CDATA[<BR>Select '2' from locator [[FirefoxDriver: firefox on XP (cfd802bd-b73a-483d-a144-9e8be5de9926)] -> id: Adults]]]>
            </line>
            <line>
              <![CDATA[<BR>Select '2' from locator [[FirefoxDriver: firefox on XP (cfd802bd-b73a-483d-a144-9e8be5de9926)] -> id: Childs]]]>
            </line>
            <line>
              <![CDATA[<BR>Select '0' from locator [[FirefoxDriver: firefox on XP (cfd802bd-b73a-483d-a144-9e8be5de9926)] -> id: Infants]]]>
            </line>
            <line>
              <![CDATA[<BR>Select 'Economy' from locator [[FirefoxDriver: firefox on XP (cfd802bd-b73a-483d-a144-9e8be5de9926)] -> id: cabinClass]]]>
            </line>
          </reporter-output>
        </test-method> <!-- searchFlights -->
        <test-method status="PASS" signature="closeBrowser()[pri:0, instance:com.selenium.test.flights.FlightsTest@2c6a3f77]" name="closeBrowser" is-config="true" duration-ms="569" started-at="2018-05-18T18:20:28Z" finished-at="2018-05-18T18:20:29Z">
          <reporter-output>
          </reporter-output>
        </test-method> <!-- closeBrowser -->
        <test-method status="PASS" signature="openBrowser(java.lang.String, java.lang.String)[pri:0, instance:com.selenium.test.flights.FlightsTest@2c6a3f77]" name="openBrowser" is-config="true" duration-ms="41475" started-at="2018-05-18T18:20:29Z" finished-at="2018-05-18T18:21:10Z">
          <params>
            <param index="0">
              <value>
                <![CDATA[firefox]]>
              </value>
            </param>
            <param index="1">
              <value>
                <![CDATA[https://www.mercurytravels.co.in/]]>
              </value>
            </param>
          </params>
          <reporter-output>
          </reporter-output>
        </test-method> <!-- openBrowser -->
        <test-method status="PASS" signature="testFlightsThree()[pri:0, instance:com.selenium.test.flights.FlightsTest@2c6a3f77]" name="testFlightsThree" duration-ms="0" started-at="2018-05-18T18:21:10Z" finished-at="2018-05-18T18:21:10Z">
          <reporter-output>
            <line>
              <![CDATA[Starting testcase 'testTwo']]>
            </line>
          </reporter-output>
        </test-method> <!-- testFlightsThree -->
        <test-method status="PASS" signature="closeBrowser()[pri:0, instance:com.selenium.test.flights.FlightsTest@2c6a3f77]" name="closeBrowser" is-config="true" duration-ms="585" started-at="2018-05-18T18:21:10Z" finished-at="2018-05-18T18:21:11Z">
          <reporter-output>
          </reporter-output>
        </test-method> <!-- closeBrowser -->
        <test-method status="PASS" signature="openBrowser(java.lang.String, java.lang.String)[pri:0, instance:com.selenium.test.flights.FlightsTest@2c6a3f77]" name="openBrowser" is-config="true" duration-ms="55482" started-at="2018-05-18T18:21:11Z" finished-at="2018-05-18T18:22:06Z">
          <params>
            <param index="0">
              <value>
                <![CDATA[firefox]]>
              </value>
            </param>
            <param index="1">
              <value>
                <![CDATA[https://www.mercurytravels.co.in/]]>
              </value>
            </param>
          </params>
          <reporter-output>
          </reporter-output>
        </test-method> <!-- openBrowser -->
        <test-method status="PASS" signature="testFlightsTwo()[pri:0, instance:com.selenium.test.flights.FlightsTest@2c6a3f77]" name="testFlightsTwo" duration-ms="0" started-at="2018-05-18T18:22:06Z" finished-at="2018-05-18T18:22:06Z">
          <reporter-output>
            <line>
              <![CDATA[Starting testcase 'testTwo']]>
            </line>
          </reporter-output>
        </test-method> <!-- testFlightsTwo -->
        <test-method status="PASS" signature="closeBrowser()[pri:0, instance:com.selenium.test.flights.FlightsTest@2c6a3f77]" name="closeBrowser" is-config="true" duration-ms="347" started-at="2018-05-18T18:22:06Z" finished-at="2018-05-18T18:22:07Z">
          <reporter-output>
          </reporter-output>
        </test-method> <!-- closeBrowser -->
      </class> <!-- com.selenium.test.flights.FlightsTest -->
      <class name="com.selenium.test.hotels.HotelsTest">
        <test-method status="SKIP" signature="selectResultFilters()[pri:0, instance:com.selenium.test.hotels.HotelsTest@246ae04d]" name="selectResultFilters" duration-ms="0" started-at="2018-05-18T18:22:07Z" finished-at="2018-05-18T18:22:07Z">
          <exception class="org.testng.TestNGException">
            <message>
              <![CDATA[
Parameter 'url' is required by BeforeMethod on method openBrowser but has not been marked @Optional or defined
]]>
            </message>
            <full-stacktrace>
              <![CDATA[org.testng.TestNGException: 
Parameter 'url' is required by BeforeMethod on method openBrowser but has not been marked @Optional or defined

at org.testng.internal.Parameters.createParams(Parameters.java:290)
at org.testng.internal.Parameters.createParametersForMethod(Parameters.java:359)
at org.testng.internal.Parameters.createParameters(Parameters.java:620)
at org.testng.internal.Parameters.createConfigurationParameters(Parameters.java:190)
at org.testng.internal.Invoker.invokeConfigurations(Invoker.java:209)
at org.testng.internal.Invoker.invokeMethod(Invoker.java:523)
at org.testng.internal.Invoker.invokeTestMethod(Invoker.java:719)
at org.testng.internal.Invoker.invokeTestMethods(Invoker.java:989)
at org.testng.internal.TestMethodWorker.invokeTestMethods(TestMethodWorker.java:125)
at org.testng.internal.TestMethodWorker.run(TestMethodWorker.java:109)
at org.testng.TestRunner.privateRun(TestRunner.java:648)
at org.testng.TestRunner.run(TestRunner.java:505)
at org.testng.SuiteRunner.runTest(SuiteRunner.java:455)
at org.testng.SuiteRunner.runSequentially(SuiteRunner.java:450)
at org.testng.SuiteRunner.privateRun(SuiteRunner.java:415)
at org.testng.SuiteRunner.run(SuiteRunner.java:364)
at org.testng.SuiteRunnerWorker.runSuite(SuiteRunnerWorker.java:52)
at org.testng.SuiteRunnerWorker.run(SuiteRunnerWorker.java:84)
at org.testng.TestNG.runSuitesSequentially(TestNG.java:1208)
at org.testng.TestNG.runSuitesLocally(TestNG.java:1137)
at org.testng.TestNG.runSuites(TestNG.java:1049)
at org.testng.TestNG.run(TestNG.java:1017)
at org.apache.maven.surefire.testng.TestNGExecutor.run(TestNGExecutor.java:135)
at org.apache.maven.surefire.testng.TestNGDirectoryTestSuite.executeMulti(TestNGDirectoryTestSuite.java:193)
at org.apache.maven.surefire.testng.TestNGDirectoryTestSuite.execute(TestNGDirectoryTestSuite.java:94)
at org.apache.maven.surefire.testng.TestNGProvider.invoke(TestNGProvider.java:146)
at org.apache.maven.surefire.booter.ForkedBooter.invokeProviderInSameClassLoader(ForkedBooter.java:379)
at org.apache.maven.surefire.booter.ForkedBooter.runSuitesInProcess(ForkedBooter.java:340)
at org.apache.maven.surefire.booter.ForkedBooter.execute(ForkedBooter.java:125)
at org.apache.maven.surefire.booter.ForkedBooter.main(ForkedBooter.java:413)
]]>
            </full-stacktrace>
          </exception> <!-- org.testng.TestNGException -->
          <reporter-output>
          </reporter-output>
        </test-method> <!-- selectResultFilters -->
        <test-method status="SKIP" signature="closeBrowser()[pri:0, instance:com.selenium.test.hotels.HotelsTest@246ae04d]" name="closeBrowser" is-config="true" duration-ms="0" started-at="2018-05-18T18:22:07Z" finished-at="2018-05-18T18:22:07Z">
          <reporter-output>
          </reporter-output>
        </test-method> <!-- closeBrowser -->
        <test-method status="FAIL" signature="openBrowser(java.lang.String, java.lang.String)[pri:0, instance:com.selenium.test.hotels.HotelsTest@246ae04d]" name="openBrowser" is-config="true" duration-ms="0" started-at="2018-05-18T18:22:07Z" finished-at="2018-05-18T18:22:07Z">
          <exception class="org.testng.TestNGException">
            <message>
              <![CDATA[
Parameter 'url' is required by BeforeMethod on method openBrowser but has not been marked @Optional or defined
]]>
            </message>
            <full-stacktrace>
              <![CDATA[org.testng.TestNGException: 
Parameter 'url' is required by BeforeMethod on method openBrowser but has not been marked @Optional or defined

at org.testng.internal.Parameters.createParams(Parameters.java:290)
at org.testng.internal.Parameters.createParametersForMethod(Parameters.java:359)
at org.testng.internal.Parameters.createParameters(Parameters.java:620)
at org.testng.internal.Parameters.createConfigurationParameters(Parameters.java:190)
at org.testng.internal.Invoker.invokeConfigurations(Invoker.java:209)
at org.testng.internal.Invoker.invokeMethod(Invoker.java:523)
at org.testng.internal.Invoker.invokeTestMethod(Invoker.java:719)
at org.testng.internal.Invoker.invokeTestMethods(Invoker.java:989)
at org.testng.internal.TestMethodWorker.invokeTestMethods(TestMethodWorker.java:125)
at org.testng.internal.TestMethodWorker.run(TestMethodWorker.java:109)
at org.testng.TestRunner.privateRun(TestRunner.java:648)
at org.testng.TestRunner.run(TestRunner.java:505)
at org.testng.SuiteRunner.runTest(SuiteRunner.java:455)
at org.testng.SuiteRunner.runSequentially(SuiteRunner.java:450)
at org.testng.SuiteRunner.privateRun(SuiteRunner.java:415)
at org.testng.SuiteRunner.run(SuiteRunner.java:364)
at org.testng.SuiteRunnerWorker.runSuite(SuiteRunnerWorker.java:52)
at org.testng.SuiteRunnerWorker.run(SuiteRunnerWorker.java:84)
at org.testng.TestNG.runSuitesSequentially(TestNG.java:1208)
at org.testng.TestNG.runSuitesLocally(TestNG.java:1137)
at org.testng.TestNG.runSuites(TestNG.java:1049)
at org.testng.TestNG.run(TestNG.java:1017)
at org.apache.maven.surefire.testng.TestNGExecutor.run(TestNGExecutor.java:135)
at org.apache.maven.surefire.testng.TestNGDirectoryTestSuite.executeMulti(TestNGDirectoryTestSuite.java:193)
at org.apache.maven.surefire.testng.TestNGDirectoryTestSuite.execute(TestNGDirectoryTestSuite.java:94)
at org.apache.maven.surefire.testng.TestNGProvider.invoke(TestNGProvider.java:146)
at org.apache.maven.surefire.booter.ForkedBooter.invokeProviderInSameClassLoader(ForkedBooter.java:379)
at org.apache.maven.surefire.booter.ForkedBooter.runSuitesInProcess(ForkedBooter.java:340)
at org.apache.maven.surefire.booter.ForkedBooter.execute(ForkedBooter.java:125)
at org.apache.maven.surefire.booter.ForkedBooter.main(ForkedBooter.java:413)
]]>
            </full-stacktrace>
          </exception> <!-- org.testng.TestNGException -->
          <reporter-output>
          </reporter-output>
        </test-method> <!-- openBrowser -->
        <test-method status="SKIP" signature="openBrowser(java.lang.String, java.lang.String)[pri:0, instance:com.selenium.test.hotels.HotelsTest@246ae04d]" name="openBrowser" is-config="true" duration-ms="0" started-at="2018-05-18T18:22:07Z" finished-at="2018-05-18T18:22:07Z">
          <reporter-output>
          </reporter-output>
        </test-method> <!-- openBrowser -->
        <test-method status="SKIP" signature="closeBrowser()[pri:0, instance:com.selenium.test.hotels.HotelsTest@246ae04d]" name="closeBrowser" is-config="true" duration-ms="0" started-at="2018-05-18T18:22:07Z" finished-at="2018-05-18T18:22:07Z">
          <reporter-output>
          </reporter-output>
        </test-method> <!-- closeBrowser -->
        <test-method status="SKIP" signature="searchHotels()[pri:0, instance:com.selenium.test.hotels.HotelsTest@246ae04d]" name="searchHotels" duration-ms="0" started-at="2018-05-18T18:22:07Z" finished-at="2018-05-18T18:22:07Z">
          <exception class="org.testng.TestNGException">
            <message>
              <![CDATA[
Parameter 'url' is required by BeforeMethod on method openBrowser but has not been marked @Optional or defined
]]>
            </message>
            <full-stacktrace>
              <![CDATA[org.testng.TestNGException: 
Parameter 'url' is required by BeforeMethod on method openBrowser but has not been marked @Optional or defined

at org.testng.internal.Parameters.createParams(Parameters.java:290)
at org.testng.internal.Parameters.createParametersForMethod(Parameters.java:359)
at org.testng.internal.Parameters.createParameters(Parameters.java:620)
at org.testng.internal.Parameters.createConfigurationParameters(Parameters.java:190)
at org.testng.internal.Invoker.invokeConfigurations(Invoker.java:209)
at org.testng.internal.Invoker.invokeMethod(Invoker.java:523)
at org.testng.internal.Invoker.invokeTestMethod(Invoker.java:719)
at org.testng.internal.Invoker.invokeTestMethods(Invoker.java:989)
at org.testng.internal.TestMethodWorker.invokeTestMethods(TestMethodWorker.java:125)
at org.testng.internal.TestMethodWorker.run(TestMethodWorker.java:109)
at org.testng.TestRunner.privateRun(TestRunner.java:648)
at org.testng.TestRunner.run(TestRunner.java:505)
at org.testng.SuiteRunner.runTest(SuiteRunner.java:455)
at org.testng.SuiteRunner.runSequentially(SuiteRunner.java:450)
at org.testng.SuiteRunner.privateRun(SuiteRunner.java:415)
at org.testng.SuiteRunner.run(SuiteRunner.java:364)
at org.testng.SuiteRunnerWorker.runSuite(SuiteRunnerWorker.java:52)
at org.testng.SuiteRunnerWorker.run(SuiteRunnerWorker.java:84)
at org.testng.TestNG.runSuitesSequentially(TestNG.java:1208)
at org.testng.TestNG.runSuitesLocally(TestNG.java:1137)
at org.testng.TestNG.runSuites(TestNG.java:1049)
at org.testng.TestNG.run(TestNG.java:1017)
at org.apache.maven.surefire.testng.TestNGExecutor.run(TestNGExecutor.java:135)
at org.apache.maven.surefire.testng.TestNGDirectoryTestSuite.executeMulti(TestNGDirectoryTestSuite.java:193)
at org.apache.maven.surefire.testng.TestNGDirectoryTestSuite.execute(TestNGDirectoryTestSuite.java:94)
at org.apache.maven.surefire.testng.TestNGProvider.invoke(TestNGProvider.java:146)
at org.apache.maven.surefire.booter.ForkedBooter.invokeProviderInSameClassLoader(ForkedBooter.java:379)
at org.apache.maven.surefire.booter.ForkedBooter.runSuitesInProcess(ForkedBooter.java:340)
at org.apache.maven.surefire.booter.ForkedBooter.execute(ForkedBooter.java:125)
at org.apache.maven.surefire.booter.ForkedBooter.main(ForkedBooter.java:413)
]]>
            </full-stacktrace>
          </exception> <!-- org.testng.TestNGException -->
          <reporter-output>
          </reporter-output>
        </test-method> <!-- searchHotels -->
      </class> <!-- com.selenium.test.hotels.HotelsTest -->
    </test> <!-- Surefire test -->
  </suite> <!-- Surefire suite -->
</testng-results>
